<?xml version="1.0" encoding="UTF-8"?>
<testng-results skipped="0" failed="0" ignored="0" total="1" passed="1">
  <reporter-output>
  </reporter-output>
  <suite name="Suite" duration-ms="47" started-at="2019-03-07T17:57:50Z" finished-at="2019-03-07T17:57:50Z">
    <groups>
    </groups>
    <test name="Test" duration-ms="47" started-at="2019-03-07T17:57:50Z" finished-at="2019-03-07T17:57:50Z">
      <class name="Demojenkins.DemoJenkinsJob">
        <test-method status="PASS" signature="testJenkins()[pri:0, instance:Demojenkins.DemoJenkinsJob@174d20a]" name="testJenkins" duration-ms="15" started-at="2019-03-07T23:27:50Z" finished-at="2019-03-07T23:27:50Z">
          <reporter-output>
          </reporter-output>
        </test-method> <!-- testJenkins -->
      </class> <!-- Demojenkins.DemoJenkinsJob -->
    </test> <!-- Test -->
  </suite> <!-- Suite -->
</testng-results>
