<?xml version="1.0" encoding="UTF-8"?>
<testng-results skipped="0" failed="0" ignored="0" total="2" passed="2">
  <reporter-output>
  </reporter-output>
  <suite name="Default suite" duration-ms="44" started-at="2021-09-16T11:55:29Z" finished-at="2021-09-16T11:55:29Z">
    <groups>
    </groups>
    <test name="Default test" duration-ms="44" started-at="2021-09-16T11:55:29Z" finished-at="2021-09-16T11:55:29Z">
      <class name="TestNgPractice.TestNgProgram1">
        <test-method status="PASS" signature="setup()[pri:0, instance:TestNgPractice.TestNgProgram1@51efea79]" name="setup" is-config="true" duration-ms="10" started-at="2021-09-16T17:25:29Z" finished-at="2021-09-16T17:25:29Z">
          <reporter-output>
          </reporter-output>
        </test-method> <!-- setup -->
        <test-method status="PASS" signature="login()[pri:0, instance:TestNgPractice.TestNgProgram1@51efea79]" name="login" is-config="true" duration-ms="1" started-at="2021-09-16T17:25:29Z" finished-at="2021-09-16T17:25:29Z">
          <reporter-output>
          </reporter-output>
        </test-method> <!-- login -->
        <test-method status="PASS" signature="launchBrowser()[pri:0, instance:TestNgPractice.TestNgProgram1@51efea79]" name="launchBrowser" is-config="true" duration-ms="0" started-at="2021-09-16T17:25:29Z" finished-at="2021-09-16T17:25:29Z">
          <reporter-output>
          </reporter-output>
        </test-method> <!-- launchBrowser -->
        <test-method status="PASS" signature="captureScreen()[pri:0, instance:TestNgPractice.TestNgProgram1@51efea79]" name="captureScreen" duration-ms="7" started-at="2021-09-16T17:25:29Z" finished-at="2021-09-16T17:25:29Z">
          <reporter-output>
          </reporter-output>
        </test-method> <!-- captureScreen -->
        <test-method status="PASS" signature="enterUrl()[pri:0, instance:TestNgPractice.TestNgProgram1@51efea79]" name="enterUrl" is-config="true" duration-ms="0" started-at="2021-09-16T17:25:29Z" finished-at="2021-09-16T17:25:29Z">
          <reporter-output>
          </reporter-output>
        </test-method> <!-- enterUrl -->
        <test-method status="PASS" signature="enterUrl()[pri:0, instance:TestNgPractice.TestNgProgram1@51efea79]" name="enterUrl" is-config="true" duration-ms="1" started-at="2021-09-16T17:25:29Z" finished-at="2021-09-16T17:25:29Z">
          <reporter-output>
          </reporter-output>
        </test-method> <!-- enterUrl -->
        <test-method status="PASS" signature="logotest()[pri:0, instance:TestNgPractice.TestNgProgram1@51efea79]" name="logotest" duration-ms="2" started-at="2021-09-16T17:25:29Z" finished-at="2021-09-16T17:25:29Z">
          <reporter-output>
          </reporter-output>
        </test-method> <!-- logotest -->
      </class> <!-- TestNgPractice.TestNgProgram1 -->
    </test> <!-- Default test -->
  </suite> <!-- Default suite -->
</testng-results>
