<?xml version="1.0" encoding="UTF-8"?>
<testng-results skipped="0" failed="0" total="1" passed="1">
  <reporter-output>
  </reporter-output>
  <suite name="Default suite" duration-ms="1520" started-at="2019-03-14T18:55:52Z" finished-at="2019-03-14T18:55:54Z">
    <groups>
    </groups>
    <test name="Default test" duration-ms="1520" started-at="2019-03-14T18:55:52Z" finished-at="2019-03-14T18:55:54Z">
      <class name="com.qa.Tests.GetAPITest">
        <test-method status="PASS" signature="Setup()[pri:0, instance:com.qa.Tests.GetAPITest@66d2e7d9]" name="Setup" is-config="true" duration-ms="12" started-at="2019-03-15T00:25:52Z" finished-at="2019-03-15T00:25:52Z">
          <reporter-output>
          </reporter-output>
        </test-method> <!-- Setup -->
        <test-method status="PASS" signature="getTest()[pri:0, instance:com.qa.Tests.GetAPITest@66d2e7d9]" name="getTest" duration-ms="1493" started-at="2019-03-15T00:25:52Z" finished-at="2019-03-15T00:25:54Z">
          <reporter-output>
          </reporter-output>
        </test-method> <!-- getTest -->
      </class> <!-- com.qa.Tests.GetAPITest -->
    </test> <!-- Default test -->
  </suite> <!-- Default suite -->
</testng-results>
