<?xml version="1.0" encoding="UTF-8"?>
<testng-results skipped="0" failed="0" ignored="0" total="3" passed="3">
  <reporter-output>
  </reporter-output>
  <suite name="Default suite" duration-ms="67" started-at="2017-08-11T16:50:45Z" finished-at="2017-08-11T16:50:45Z">
    <groups>
    </groups>
    <test name="Default test" duration-ms="67" started-at="2017-08-11T16:50:45Z" finished-at="2017-08-11T16:50:45Z">
      <class name="TestNGTutorial.firstTestng2WithPriority">
        <test-method status="PASS" signature="closing()[pri:-3, instance:TestNGTutorial.firstTestng2WithPriority@51565ec2]" name="closing" duration-ms="32" started-at="2017-08-11T22:20:45Z" finished-at="2017-08-11T22:20:45Z">
          <reporter-output>
          </reporter-output>
        </test-method> <!-- closing -->
        <test-method status="PASS" signature="login()[pri:1, instance:TestNGTutorial.firstTestng2WithPriority@51565ec2]" name="login" duration-ms="2" started-at="2017-08-11T22:20:45Z" finished-at="2017-08-11T22:20:45Z">
          <reporter-output>
          </reporter-output>
        </test-method> <!-- login -->
        <test-method status="PASS" signature="setup()[pri:2, instance:TestNGTutorial.firstTestng2WithPriority@51565ec2]" name="setup" duration-ms="1" started-at="2017-08-11T22:20:45Z" finished-at="2017-08-11T22:20:45Z">
          <reporter-output>
          </reporter-output>
        </test-method> <!-- setup -->
      </class> <!-- TestNGTutorial.firstTestng2WithPriority -->
    </test> <!-- Default test -->
  </suite> <!-- Default suite -->
</testng-results>
