<?xml version="1.0" encoding="UTF-8"?>
<testng-results skipped="0" failed="0" ignored="0" total="1" passed="1">
  <reporter-output>
  </reporter-output>
  <suite name="Default suite" duration-ms="20492" started-at="2019-04-21T18:38:31Z" finished-at="2019-04-21T18:38:51Z">
    <groups>
    </groups>
    <test name="Default test" duration-ms="20492" started-at="2019-04-21T18:38:31Z" finished-at="2019-04-21T18:38:51Z">
      <class name="MultipleWindow">
        <test-method status="PASS" signature="testMultipleWindows()[pri:0, instance:MultipleWindow@4de8b406]" name="testMultipleWindows" duration-ms="20452" started-at="2019-04-22T00:08:31Z" finished-at="2019-04-22T00:08:51Z">
          <reporter-output>
          </reporter-output>
        </test-method> <!-- testMultipleWindows -->
      </class> <!-- MultipleWindow -->
    </test> <!-- Default test -->
  </suite> <!-- Default suite -->
</testng-results>
