<?xml version="1.0" encoding="UTF-8"?>
<testng-results skipped="0" failed="0" ignored="0" total="1" passed="1">
  <reporter-output>
  </reporter-output>
  <suite name="Default suite" duration-ms="28633" started-at="2021-09-06T10:57:20Z" finished-at="2021-09-06T10:57:49Z">
    <groups>
    </groups>
    <test name="Default test" duration-ms="28633" started-at="2021-09-06T10:57:20Z" finished-at="2021-09-06T10:57:49Z">
      <class name="rough">
        <test-method status="PASS" signature="login()[pri:0, instance:rough@1593948d]" name="login" duration-ms="28601" started-at="2021-09-06T16:27:20Z" finished-at="2021-09-06T16:27:49Z">
          <reporter-output>
          </reporter-output>
        </test-method> <!-- login -->
      </class> <!-- rough -->
    </test> <!-- Default test -->
  </suite> <!-- Default suite -->
</testng-results>
