<?xml version="1.0" encoding="UTF-8"?>
<!-- Generated by org.testng.reporters.JUnitXMLReporter -->
<testsuite hostname="PAKU-BLR-01" ignored="0" name="Default test" tests="3" failures="0" timestamp="2020-02-05T16:44:14 IST" time="0.071" errors="0">
  <testcase name="click" time="0.014" classname="TestNgPractice.OrtderOfExecution"/>
  <testcase name="login" time="0.001" classname="TestNgPractice.OrtderOfExecution"/>
  <testcase name="tear" time="0.002" classname="TestNgPractice.OrtderOfExecution"/>
</testsuite> <!-- Default test -->
